Performing C++ SOURCE FILE Test CMAKE_HAVE_LIBC_PTHREAD failed with the following output:
Change Dir: /home/nikita/AndroidStudioProjects/libs/spdlog/build/x86_64/CMakeFiles/CMakeTmp

Run Build Command(s):/usr/bin/make cmTC_54045/fast && /usr/bin/make  -f CMakeFiles/cmTC_54045.dir/build.make CMakeFiles/cmTC_54045.dir/build
make[1]: вход в каталог «/home/nikita/AndroidStudioProjects/libs/spdlog/build/x86_64/CMakeFiles/CMakeTmp»
Building CXX object CMakeFiles/cmTC_54045.dir/src.cxx.o
/home/nikita/Android/sdk/ndk/23.1.7779620/toolchains/llvm/prebuilt/linux-x86_64/bin/clang++ --target=x86_64-none-linux-android21 --gcc-toolchain=/home/nikita/Android/sdk/ndk/23.1.7779620/toolchains/llvm/prebuilt/linux-x86_64 --sysroot=/home/nikita/Android/sdk/ndk/23.1.7779620/toolchains/llvm/prebuilt/linux-x86_64/sysroot   -g -DANDROID -fdata-sections -ffunction-sections -funwind-tables -fstack-protector-strong -no-canonical-prefixes -D_FORTIFY_SOURCE=2 -Wformat -Werror=format-security  -DSPDLOG_COMPILED_LIB -DCMAKE_HAVE_LIBC_PTHREAD -fPIE -std=c++11 -o CMakeFiles/cmTC_54045.dir/src.cxx.o -c /home/nikita/AndroidStudioProjects/libs/spdlog/build/x86_64/CMakeFiles/CMakeTmp/src.cxx
/home/nikita/AndroidStudioProjects/libs/spdlog/build/x86_64/CMakeFiles/CMakeTmp/src.cxx:13:3: error: use of undeclared identifier 'pthread_cancel'
  pthread_cancel(thread);
  ^
1 error generated.
make[1]: *** [CMakeFiles/cmTC_54045.dir/build.make:85: CMakeFiles/cmTC_54045.dir/src.cxx.o] Ошибка 1
make[1]: выход из каталога «/home/nikita/AndroidStudioProjects/libs/spdlog/build/x86_64/CMakeFiles/CMakeTmp»
make: *** [Makefile:140: cmTC_54045/fast] Ошибка 2


Source file was:
#include <pthread.h>

void* test_func(void* data)
{
  return data;
}

int main(void)
{
  pthread_t thread;
  pthread_create(&thread, NULL, test_func, NULL);
  pthread_detach(thread);
  pthread_cancel(thread);
  pthread_join(thread, NULL);
  pthread_atfork(NULL, NULL, NULL);
  pthread_exit(NULL);

  return 0;
}

Determining if the function pthread_create exists in the pthreads failed with the following output:
Change Dir: /home/nikita/AndroidStudioProjects/libs/spdlog/build/x86_64/CMakeFiles/CMakeTmp

Run Build Command(s):/usr/bin/make cmTC_b5584/fast && /usr/bin/make  -f CMakeFiles/cmTC_b5584.dir/build.make CMakeFiles/cmTC_b5584.dir/build
make[1]: вход в каталог «/home/nikita/AndroidStudioProjects/libs/spdlog/build/x86_64/CMakeFiles/CMakeTmp»
Building CXX object CMakeFiles/cmTC_b5584.dir/CheckFunctionExists.cxx.o
/home/nikita/Android/sdk/ndk/23.1.7779620/toolchains/llvm/prebuilt/linux-x86_64/bin/clang++ --target=x86_64-none-linux-android21 --gcc-toolchain=/home/nikita/Android/sdk/ndk/23.1.7779620/toolchains/llvm/prebuilt/linux-x86_64 --sysroot=/home/nikita/Android/sdk/ndk/23.1.7779620/toolchains/llvm/prebuilt/linux-x86_64/sysroot   -g -DANDROID -fdata-sections -ffunction-sections -funwind-tables -fstack-protector-strong -no-canonical-prefixes -D_FORTIFY_SOURCE=2 -Wformat -Werror=format-security  -DSPDLOG_COMPILED_LIB -DCHECK_FUNCTION_EXISTS=pthread_create -fPIE -std=c++11 -o CMakeFiles/cmTC_b5584.dir/CheckFunctionExists.cxx.o -c /home/nikita/AndroidStudioProjects/libs/spdlog/build/x86_64/CMakeFiles/CheckLibraryExists/CheckFunctionExists.cxx
Linking CXX executable cmTC_b5584
/home/nikita/Android/sdk/cmake/3.18.1/bin/cmake -E cmake_link_script CMakeFiles/cmTC_b5584.dir/link.txt --verbose=1
/home/nikita/Android/sdk/ndk/23.1.7779620/toolchains/llvm/prebuilt/linux-x86_64/bin/clang++ --target=x86_64-none-linux-android21 --gcc-toolchain=/home/nikita/Android/sdk/ndk/23.1.7779620/toolchains/llvm/prebuilt/linux-x86_64 --sysroot=/home/nikita/Android/sdk/ndk/23.1.7779620/toolchains/llvm/prebuilt/linux-x86_64/sysroot -g -DANDROID -fdata-sections -ffunction-sections -funwind-tables -fstack-protector-strong -no-canonical-prefixes -D_FORTIFY_SOURCE=2 -Wformat -Werror=format-security  -DSPDLOG_COMPILED_LIB -DCHECK_FUNCTION_EXISTS=pthread_create -static-libstdc++ -Wl,--build-id=sha1 -Wl,--no-rosegment -Wl,--fatal-warnings -Wl,--no-undefined -Qunused-arguments -Wl,--gc-sections   CMakeFiles/cmTC_b5584.dir/CheckFunctionExists.cxx.o -o cmTC_b5584  -lpthreads -latomic -lm 
ld: error: unable to find library -lpthreads
clang++: error: linker command failed with exit code 1 (use -v to see invocation)
make[1]: *** [CMakeFiles/cmTC_b5584.dir/build.make:106: cmTC_b5584] Ошибка 1
make[1]: выход из каталога «/home/nikita/AndroidStudioProjects/libs/spdlog/build/x86_64/CMakeFiles/CMakeTmp»
make: *** [Makefile:140: cmTC_b5584/fast] Ошибка 2



Determining if the function pthread_create exists in the pthread failed with the following output:
Change Dir: /home/nikita/AndroidStudioProjects/libs/spdlog/build/x86_64/CMakeFiles/CMakeTmp

Run Build Command(s):/usr/bin/make cmTC_656cf/fast && /usr/bin/make  -f CMakeFiles/cmTC_656cf.dir/build.make CMakeFiles/cmTC_656cf.dir/build
make[1]: вход в каталог «/home/nikita/AndroidStudioProjects/libs/spdlog/build/x86_64/CMakeFiles/CMakeTmp»
Building CXX object CMakeFiles/cmTC_656cf.dir/CheckFunctionExists.cxx.o
/home/nikita/Android/sdk/ndk/23.1.7779620/toolchains/llvm/prebuilt/linux-x86_64/bin/clang++ --target=x86_64-none-linux-android21 --gcc-toolchain=/home/nikita/Android/sdk/ndk/23.1.7779620/toolchains/llvm/prebuilt/linux-x86_64 --sysroot=/home/nikita/Android/sdk/ndk/23.1.7779620/toolchains/llvm/prebuilt/linux-x86_64/sysroot   -g -DANDROID -fdata-sections -ffunction-sections -funwind-tables -fstack-protector-strong -no-canonical-prefixes -D_FORTIFY_SOURCE=2 -Wformat -Werror=format-security  -DSPDLOG_COMPILED_LIB -DCHECK_FUNCTION_EXISTS=pthread_create -fPIE -std=c++11 -o CMakeFiles/cmTC_656cf.dir/CheckFunctionExists.cxx.o -c /home/nikita/AndroidStudioProjects/libs/spdlog/build/x86_64/CMakeFiles/CheckLibraryExists/CheckFunctionExists.cxx
Linking CXX executable cmTC_656cf
/home/nikita/Android/sdk/cmake/3.18.1/bin/cmake -E cmake_link_script CMakeFiles/cmTC_656cf.dir/link.txt --verbose=1
/home/nikita/Android/sdk/ndk/23.1.7779620/toolchains/llvm/prebuilt/linux-x86_64/bin/clang++ --target=x86_64-none-linux-android21 --gcc-toolchain=/home/nikita/Android/sdk/ndk/23.1.7779620/toolchains/llvm/prebuilt/linux-x86_64 --sysroot=/home/nikita/Android/sdk/ndk/23.1.7779620/toolchains/llvm/prebuilt/linux-x86_64/sysroot -g -DANDROID -fdata-sections -ffunction-sections -funwind-tables -fstack-protector-strong -no-canonical-prefixes -D_FORTIFY_SOURCE=2 -Wformat -Werror=format-security  -DSPDLOG_COMPILED_LIB -DCHECK_FUNCTION_EXISTS=pthread_create -static-libstdc++ -Wl,--build-id=sha1 -Wl,--no-rosegment -Wl,--fatal-warnings -Wl,--no-undefined -Qunused-arguments -Wl,--gc-sections   CMakeFiles/cmTC_656cf.dir/CheckFunctionExists.cxx.o -o cmTC_656cf  -lpthread -latomic -lm 
ld: error: unable to find library -lpthread
clang++: error: linker command failed with exit code 1 (use -v to see invocation)
make[1]: *** [CMakeFiles/cmTC_656cf.dir/build.make:106: cmTC_656cf] Ошибка 1
make[1]: выход из каталога «/home/nikita/AndroidStudioProjects/libs/spdlog/build/x86_64/CMakeFiles/CMakeTmp»
make: *** [Makefile:140: cmTC_656cf/fast] Ошибка 2



